2019-11-28 12:37:15,007 [Worker-7: Loading available Gradle versions] INFO  o.e.b.c.i.u.g.PublishedGradleVersions - Gradle version information cache is out-of-date. Trying to update.
2019-11-28 12:39:13,837 [Worker-14: Importing Maven projects] INFO  o.e.m.c.i.l.LifecycleMappingFactory - Using org.eclipse.m2e.jdt.JarLifecycleMapping lifecycle mapping for MavenProject: ZuruStoreAutomation:ZuruStoreTest:0.0.1-SNAPSHOT @ D:\Shubham\ZuruStoreTest\pom.xml.
2019-11-28 12:39:13,851 [Worker-14: Importing Maven projects] WARN  o.e.m.c.i.embedder.EclipseLogger - The POM for org.apache.commons:commons-exec:jar:1.3 is invalid, transitive dependencies (if any) will not be available, enable debug logging for more details
2019-11-28 12:39:14,007 [Worker-14: Importing Maven projects] WARN  o.e.m.c.i.embedder.EclipseLogger - The POM for commons-codec:commons-codec:jar:1.10 is invalid, transitive dependencies (if any) will not be available, enable debug logging for more details
2019-11-28 12:39:14,330 [Worker-14: Importing Maven projects] INFO  o.e.m.j.i.AbstractJavaProjectConfigurator - Adding source folder /ZuruStoreTest/src/main/java
2019-11-28 12:39:14,331 [Worker-14: Importing Maven projects] INFO  o.e.m.j.i.AbstractJavaProjectConfigurator - Adding resource folder /ZuruStoreTest/src/main/resources
2019-11-28 12:39:14,331 [Worker-14: Importing Maven projects] INFO  o.e.m.j.i.AbstractJavaProjectConfigurator - Adding source folder /ZuruStoreTest/src/test/java
2019-11-28 12:39:14,491 [Worker-14: Importing Maven projects] INFO  o.e.m.c.i.p.ProjectConfigurationManager - Imported and configured 1 project(s) in 1 sec
2019-11-28 12:39:14,957 [Worker-8: Building workspace] WARN  o.e.m.c.i.embedder.EclipseLogger - The POM for org.apache.commons:commons-exec:jar:1.3 is invalid, transitive dependencies (if any) will not be available, enable debug logging for more details
2019-11-28 12:39:15,105 [Worker-8: Building workspace] WARN  o.e.m.c.i.embedder.EclipseLogger - The POM for commons-codec:commons-codec:jar:1.10 is invalid, transitive dependencies (if any) will not be available, enable debug logging for more details
2019-11-28 12:39:15,211 [Worker-8: Building workspace] WARN  o.e.m.c.i.embedder.EclipseLogger - Using platform encoding (Cp1252 actually) to copy filtered resources, i.e. build is platform dependent!
2019-11-28 12:39:15,244 [Worker-8: Building workspace] INFO  o.e.m.c.i.embedder.EclipseLogger - Copying 0 resource
2019-11-28 12:39:15,248 [Worker-8: Building workspace] WARN  o.e.m.c.i.embedder.EclipseLogger - Using platform encoding (Cp1252 actually) to copy filtered resources, i.e. build is platform dependent!
2019-11-28 12:39:15,249 [Worker-8: Building workspace] INFO  o.e.m.c.i.embedder.EclipseLogger - skip non existing resourceDirectory D:\Shubham\ZuruStoreTest\src\test\resources
2019-11-28 12:40:54,716 [Worker-38: Building workspace] WARN  o.e.m.c.i.embedder.EclipseLogger - Using platform encoding (Cp1252 actually) to copy filtered resources, i.e. build is platform dependent!
2019-11-28 12:40:54,719 [Worker-38: Building workspace] INFO  o.e.m.c.i.embedder.EclipseLogger - Copying 0 resource
2019-11-28 12:40:54,720 [Worker-38: Building workspace] WARN  o.e.m.c.i.embedder.EclipseLogger - Using platform encoding (Cp1252 actually) to copy filtered resources, i.e. build is platform dependent!
2019-11-28 12:40:54,721 [Worker-38: Building workspace] INFO  o.e.m.c.i.embedder.EclipseLogger - skip non existing resourceDirectory D:\Shubham\ZuruStoreTest\src\test\resources
2019-11-28 12:41:02,124 [Worker-32: Building workspace] WARN  o.e.m.c.i.embedder.EclipseLogger - Using platform encoding (Cp1252 actually) to copy filtered resources, i.e. build is platform dependent!
2019-11-28 12:41:02,125 [Worker-32: Building workspace] INFO  o.e.m.c.i.embedder.EclipseLogger - Copying 0 resource
2019-11-28 12:41:02,126 [Worker-32: Building workspace] WARN  o.e.m.c.i.embedder.EclipseLogger - Using platform encoding (Cp1252 actually) to copy filtered resources, i.e. build is platform dependent!
2019-11-28 12:41:02,127 [Worker-32: Building workspace] INFO  o.e.m.c.i.embedder.EclipseLogger - skip non existing resourceDirectory D:\Shubham\ZuruStoreTest\src\test\resources
2019-11-28 12:49:27,537 [Worker-15: Building workspace] WARN  o.e.m.c.i.embedder.EclipseLogger - Using platform encoding (Cp1252 actually) to copy filtered resources, i.e. build is platform dependent!
2019-11-28 12:49:27,537 [Worker-15: Building workspace] INFO  o.e.m.c.i.embedder.EclipseLogger - Copying 0 resource
2019-11-28 12:49:27,537 [Worker-15: Building workspace] WARN  o.e.m.c.i.embedder.EclipseLogger - Using platform encoding (Cp1252 actually) to copy filtered resources, i.e. build is platform dependent!
2019-11-28 12:49:27,537 [Worker-15: Building workspace] INFO  o.e.m.c.i.embedder.EclipseLogger - skip non existing resourceDirectory D:\Shubham\ZuruStoreTest\src\test\resources
2019-11-28 12:50:17,749 [Worker-1: Loading available Gradle versions] INFO  o.e.b.c.i.u.g.PublishedGradleVersions - Gradle version information cache is up-to-date. Trying to read.
2019-11-28 12:50:28,962 [Worker-34: Launching LoginPageTest] WARN  o.e.m.c.i.embedder.EclipseLogger - The POM for org.apache.commons:commons-exec:jar:1.3 is invalid, transitive dependencies (if any) will not be available, enable debug logging for more details
2019-11-28 12:50:29,099 [Worker-34: Launching LoginPageTest] WARN  o.e.m.c.i.embedder.EclipseLogger - The POM for commons-codec:commons-codec:jar:1.10 is invalid, transitive dependencies (if any) will not be available, enable debug logging for more details
2019-11-28 12:52:36,332 [Worker-27: Building workspace] WARN  o.e.m.c.i.embedder.EclipseLogger - Using platform encoding (Cp1252 actually) to copy filtered resources, i.e. build is platform dependent!
2019-11-28 12:52:36,337 [Worker-27: Building workspace] INFO  o.e.m.c.i.embedder.EclipseLogger - Copying 0 resource
2019-11-28 12:52:36,339 [Worker-27: Building workspace] WARN  o.e.m.c.i.embedder.EclipseLogger - Using platform encoding (Cp1252 actually) to copy filtered resources, i.e. build is platform dependent!
2019-11-28 12:52:36,340 [Worker-27: Building workspace] INFO  o.e.m.c.i.embedder.EclipseLogger - skip non existing resourceDirectory D:\Shubham\ZuruStoreTest\src\test\resources
2019-11-28 12:55:23,643 [Worker-6: Building workspace] WARN  o.e.m.c.i.embedder.EclipseLogger - Using platform encoding (Cp1252 actually) to copy filtered resources, i.e. build is platform dependent!
2019-11-28 12:55:23,647 [Worker-6: Building workspace] INFO  o.e.m.c.i.embedder.EclipseLogger - Copying 0 resource
2019-11-28 12:55:23,648 [Worker-6: Building workspace] WARN  o.e.m.c.i.embedder.EclipseLogger - Using platform encoding (Cp1252 actually) to copy filtered resources, i.e. build is platform dependent!
2019-11-28 12:55:23,649 [Worker-6: Building workspace] INFO  o.e.m.c.i.embedder.EclipseLogger - skip non existing resourceDirectory D:\Shubham\ZuruStoreTest\src\test\resources
2019-11-28 12:56:01,284 [Worker-37: Building workspace] WARN  o.e.m.c.i.embedder.EclipseLogger - Using platform encoding (Cp1252 actually) to copy filtered resources, i.e. build is platform dependent!
2019-11-28 12:56:01,285 [Worker-37: Building workspace] INFO  o.e.m.c.i.embedder.EclipseLogger - Copying 0 resource
2019-11-28 12:56:01,287 [Worker-37: Building workspace] WARN  o.e.m.c.i.embedder.EclipseLogger - Using platform encoding (Cp1252 actually) to copy filtered resources, i.e. build is platform dependent!
2019-11-28 12:56:01,288 [Worker-37: Building workspace] INFO  o.e.m.c.i.embedder.EclipseLogger - skip non existing resourceDirectory D:\Shubham\ZuruStoreTest\src\test\resources
2019-11-28 12:56:39,201 [Worker-38: Building workspace] WARN  o.e.m.c.i.embedder.EclipseLogger - Using platform encoding (Cp1252 actually) to copy filtered resources, i.e. build is platform dependent!
2019-11-28 12:56:39,202 [Worker-38: Building workspace] INFO  o.e.m.c.i.embedder.EclipseLogger - Copying 0 resource
2019-11-28 12:56:39,203 [Worker-38: Building workspace] WARN  o.e.m.c.i.embedder.EclipseLogger - Using platform encoding (Cp1252 actually) to copy filtered resources, i.e. build is platform dependent!
2019-11-28 12:56:39,203 [Worker-38: Building workspace] INFO  o.e.m.c.i.embedder.EclipseLogger - skip non existing resourceDirectory D:\Shubham\ZuruStoreTest\src\test\resources
2019-11-28 12:56:44,027 [Worker-30: Building workspace] WARN  o.e.m.c.i.embedder.EclipseLogger - Using platform encoding (Cp1252 actually) to copy filtered resources, i.e. build is platform dependent!
2019-11-28 12:56:44,028 [Worker-30: Building workspace] INFO  o.e.m.c.i.embedder.EclipseLogger - Copying 0 resource
2019-11-28 12:56:44,029 [Worker-30: Building workspace] WARN  o.e.m.c.i.embedder.EclipseLogger - Using platform encoding (Cp1252 actually) to copy filtered resources, i.e. build is platform dependent!
2019-11-28 12:56:44,029 [Worker-30: Building workspace] INFO  o.e.m.c.i.embedder.EclipseLogger - skip non existing resourceDirectory D:\Shubham\ZuruStoreTest\src\test\resources
2019-11-28 12:57:13,393 [Worker-30: Building workspace] WARN  o.e.m.c.i.embedder.EclipseLogger - Using platform encoding (Cp1252 actually) to copy filtered resources, i.e. build is platform dependent!
2019-11-28 12:57:13,394 [Worker-30: Building workspace] INFO  o.e.m.c.i.embedder.EclipseLogger - Copying 0 resource
2019-11-28 12:57:13,394 [Worker-30: Building workspace] WARN  o.e.m.c.i.embedder.EclipseLogger - Using platform encoding (Cp1252 actually) to copy filtered resources, i.e. build is platform dependent!
2019-11-28 12:57:13,395 [Worker-30: Building workspace] INFO  o.e.m.c.i.embedder.EclipseLogger - skip non existing resourceDirectory D:\Shubham\ZuruStoreTest\src\test\resources
2019-11-28 12:58:59,640 [Worker-27: Building workspace] WARN  o.e.m.c.i.embedder.EclipseLogger - Using platform encoding (Cp1252 actually) to copy filtered resources, i.e. build is platform dependent!
2019-11-28 12:58:59,641 [Worker-27: Building workspace] INFO  o.e.m.c.i.embedder.EclipseLogger - Copying 0 resource
2019-11-28 12:58:59,642 [Worker-27: Building workspace] WARN  o.e.m.c.i.embedder.EclipseLogger - Using platform encoding (Cp1252 actually) to copy filtered resources, i.e. build is platform dependent!
2019-11-28 12:58:59,643 [Worker-27: Building workspace] INFO  o.e.m.c.i.embedder.EclipseLogger - skip non existing resourceDirectory D:\Shubham\ZuruStoreTest\src\test\resources
